<?xml version="1.0" encoding="UTF-8"?>
<!-- Generated by org.testng.reporters.JUnitReportReporter -->
<testsuite hostname="LAPTOP-BPHIKLG5" failures="0" tests="6" name="com.testsqa.CalculatorTest" time="0.031" errors="0" timestamp="2025-01-19T23:03:00 WIB" skipped="0">
  <testcase classname="com.testsqa.CalculatorTest" name="multiplication" time="0.015"/>
  <testcase classname="com.testsqa.CalculatorTest" name="divided" time="0.000"/>
  <testcase classname="com.testsqa.CalculatorTest" name="subtract" time="0.000"/>
  <testcase classname="com.testsqa.CalculatorTest" name="Modulo" time="0.016"/>
  <testcase classname="com.testsqa.CalculatorTest" name="bmi" time="0.000"/>
  <testcase classname="com.testsqa.CalculatorTest" name="add" time="0.000"/>
</testsuite> <!-- com.testsqa.CalculatorTest -->
